# JRE version: OpenJDK Runtime Environment (8.0_152-b01) (build 1.8.0_152-release-1024-b01)
# Java VM: OpenJDK 64-Bit Server VM (25.152-b01 mixed mode linux-amd64 compressed oops)
Heap:
 PSYoungGen      total 225792K, used 29686K [0x00000000e0000000, 0x00000000f0380000, 0x0000000100000000)
  eden space 196096K, 0% used [0x00000000e0000000,0x00000000e0000000,0x00000000ebf80000)
  from space 29696K, 99% used [0x00000000ebf80000,0x00000000edc7d818,0x00000000edc80000)
  to   space 28160K, 0% used [0x00000000edc80000,0x00000000edc80000,0x00000000ef800000)
 ParOldGen       total 120320K, used 102089K [0x00000000a0000000, 0x00000000a7580000, 0x00000000e0000000)
  object space 120320K, 84% used [0x00000000a0000000,0x00000000a63b2518,0x00000000a7580000)
 Metaspace       used 72990K, capacity 75198K, committed 75608K, reserved 1116160K
  class space    used 9234K, capacity 9716K, committed 9856K, reserved 1048576K
GC Heap History (10 events):
Event: 750.802 GC heap after
Heap after GC invocations=22 (full 3):
 PSYoungGen      total 135680K, used 10690K [0x00000000e0000000, 0x00000000eb480000, 0x0000000100000000)
  eden space 122880K, 0% used [0x00000000e0000000,0x00000000e0000000,0x00000000e7800000)
  from space 12800K, 83% used [0x00000000e7800000,0x00000000e8270948,0x00000000e8480000)
  to   space 13824K, 0% used [0x00000000ea700000,0x00000000ea700000,0x00000000eb480000)
 ParOldGen       total 83456K, used 37125K [0x00000000a0000000, 0x00000000a5180000, 0x00000000e0000000)
  object space 83456K, 44% used [0x00000000a0000000,0x00000000a24415e0,0x00000000a5180000)
 Metaspace       used 61181K, capacity 63026K, committed 63192K, reserved 1103872K
  class space    used 7996K, capacity 8436K, committed 8448K, reserved 1048576K
}
Event: 785.386 GC heap before
{Heap before GC invocations=23 (full 3):
 PSYoungGen      total 135680K, used 133570K [0x00000000e0000000, 0x00000000eb480000, 0x0000000100000000)
  eden space 122880K, 100% used [0x00000000e0000000,0x00000000e7800000,0x00000000e7800000)
  from space 12800K, 83% used [0x00000000e7800000,0x00000000e8270948,0x00000000e8480000)
  to   space 13824K, 0% used [0x00000000ea700000,0x00000000ea700000,0x00000000eb480000)
 ParOldGen       total 83456K, used 37125K [0x00000000a0000000, 0x00000000a5180000, 0x00000000e0000000)
  object space 83456K, 44% used [0x00000000a0000000,0x00000000a24415e0,0x00000000a5180000)
 Metaspace       used 61891K, capacity 63824K, committed 64088K, reserved 1105920K
  class space    used 8042K, capacity 8517K, committed 8576K, reserved 1048576K
Event: 786.872 GC heap after
Heap after GC invocations=23 (full 3):
 PSYoungGen      total 165376K, used 13792K [0x00000000e0000000, 0x00000000ec180000, 0x0000000100000000)
  eden space 151552K, 0% used [0x00000000e0000000,0x00000000e0000000,0x00000000e9400000)
  from space 13824K, 99% used [0x00000000ea700000,0x00000000eb478278,0x00000000eb480000)
  to   space 19456K, 0% used [0x00000000e9400000,0x00000000e9400000,0x00000000ea700000)
 ParOldGen       total 83456K, used 47021K [0x00000000a0000000, 0x00000000a5180000, 0x00000000e0000000)
  object space 83456K, 56% used [0x00000000a0000000,0x00000000a2deb748,0x00000000a5180000)
 Metaspace       used 61891K, capacity 63824K, committed 64088K, reserved 1105920K
  class space    used 8042K, capacity 8517K, committed 8576K, reserved 1048576K
}
Event: 821.277 GC heap before
{Heap before GC invocations=24 (full 3):
 PSYoungGen      total 165376K, used 165344K [0x00000000e0000000, 0x00000000ec180000, 0x0000000100000000)
  eden space 151552K, 100% used [0x00000000e0000000,0x00000000e9400000,0x00000000e9400000)
  from space 13824K, 99% used [0x00000000ea700000,0x00000000eb478278,0x00000000eb480000)
  to   space 19456K, 0% used [0x00000000e9400000,0x00000000e9400000,0x00000000ea700000)
 ParOldGen       total 83456K, used 47021K [0x00000000a0000000, 0x00000000a5180000, 0x00000000e0000000)
  object space 83456K, 56% used [0x00000000a0000000,0x00000000a2deb748,0x00000000a5180000)
 Metaspace       used 67599K, capacity 69602K, committed 69848K, reserved 1110016K
  class space    used 8739K, capacity 9200K, committed 9216K, reserved 1048576K
Event: 822.610 GC heap after
Heap after GC invocations=24 (full 3):
 PSYoungGen      total 171008K, used 19443K [0x00000000e0000000, 0x00000000ef800000, 0x0000000100000000)
  eden space 151552K, 0% used [0x00000000e0000000,0x00000000e0000000,0x00000000e9400000)
  from space 19456K, 99% used [0x00000000e9400000,0x00000000ea6fcf20,0x00000000ea700000)
  to   space 28160K, 0% used [0x00000000edc80000,0x00000000edc80000,0x00000000ef800000)
 ParOldGen       total 83456K, used 61767K [0x00000000a0000000, 0x00000000a5180000, 0x00000000e0000000)
  object space 83456K, 74% used [0x00000000a0000000,0x00000000a3c51f58,0x00000000a5180000)
 Metaspace       used 67599K, capacity 69602K, committed 69848K, reserved 1110016K
  class space    used 8739K, capacity 9200K, committed 9216K, reserved 1048576K
}
Event: 829.384 GC heap before
{Heap before GC invocations=25 (full 3):
 PSYoungGen      total 171008K, used 170995K [0x00000000e0000000, 0x00000000ef800000, 0x0000000100000000)
  eden space 151552K, 100% used [0x00000000e0000000,0x00000000e9400000,0x00000000e9400000)
  from space 19456K, 99% used [0x00000000e9400000,0x00000000ea6fcf20,0x00000000ea700000)
  to   space 28160K, 0% used [0x00000000edc80000,0x00000000edc80000,0x00000000ef800000)
 ParOldGen       total 83456K, used 61767K [0x00000000a0000000, 0x00000000a5180000, 0x00000000e0000000)
  object space 83456K, 74% used [0x00000000a0000000,0x00000000a3c51f58,0x00000000a5180000)
 Metaspace       used 72353K, capacity 74574K, committed 74968K, reserved 1114112K
  class space    used 9173K, capacity 9640K, committed 9728K, reserved 1048576K
Event: 831.432 GC heap after
Heap after GC invocations=25 (full 3):
 PSYoungGen      total 224256K, used 19690K [0x00000000e0000000, 0x00000000f0380000, 0x0000000100000000)
  eden space 196096K, 0% used [0x00000000e0000000,0x00000000e0000000,0x00000000ebf80000)
  from space 28160K, 69% used [0x00000000edc80000,0x00000000eefba930,0x00000000ef800000)
  to   space 29696K, 0% used [0x00000000ebf80000,0x00000000ebf80000,0x00000000edc80000)
 ParOldGen       total 83456K, used 76523K [0x00000000a0000000, 0x00000000a5180000, 0x00000000e0000000)
  object space 83456K, 91% used [0x00000000a0000000,0x00000000a4abaf70,0x00000000a5180000)
 Metaspace       used 72353K, capacity 74574K, committed 74968K, reserved 1114112K
  class space    used 9173K, capacity 9640K, committed 9728K, reserved 1048576K
}
Event: 831.516 GC heap before
{Heap before GC invocations=26 (full 4):
 PSYoungGen      total 224256K, used 19690K [0x00000000e0000000, 0x00000000f0380000, 0x0000000100000000)
  eden space 196096K, 0% used [0x00000000e0000000,0x00000000e0000000,0x00000000ebf80000)
  from space 28160K, 69% used [0x00000000edc80000,0x00000000eefba930,0x00000000ef800000)
  to   space 29696K, 0% used [0x00000000ebf80000,0x00000000ebf80000,0x00000000edc80000)
 ParOldGen       total 83456K, used 76523K [0x00000000a0000000, 0x00000000a5180000, 0x00000000e0000000)
  object space 83456K, 91% used [0x00000000a0000000,0x00000000a4abaf70,0x00000000a5180000)
 Metaspace       used 72353K, capacity 74574K, committed 74968K, reserved 1114112K
  class space    used 9173K, capacity 9640K, committed 9728K, reserved 1048576K
Event: 832.031 GC heap after
Heap after GC invocations=26 (full 4):
 PSYoungGen      total 224256K, used 0K [0x00000000e0000000, 0x00000000f0380000, 0x0000000100000000)
  eden space 196096K, 0% used [0x00000000e0000000,0x00000000e0000000,0x00000000ebf80000)
  from space 28160K, 0% used [0x00000000edc80000,0x00000000edc80000,0x00000000ef800000)
  to   space 29696K, 0% used [0x00000000ebf80000,0x00000000ebf80000,0x00000000edc80000)
 ParOldGen       total 120320K, used 63345K [0x00000000a0000000, 0x00000000a7580000, 0x00000000e0000000)
  object space 120320K, 52% used [0x00000000a0000000,0x00000000a3ddc498,0x00000000a7580000)
 Metaspace       used 72313K, capacity 74454K, committed 74968K, reserved 1114112K
  class space    used 9159K, capacity 9616K, committed 9728K, reserved 1048576K
}
Event: 833.778 GC heap before
{Heap before GC invocations=27 (full 4):
 PSYoungGen      total 224256K, used 196096K [0x00000000e0000000, 0x00000000f0380000, 0x0000000100000000)
  eden space 196096K, 100% used [0x00000000e0000000,0x00000000ebf80000,0x00000000ebf80000)
  from space 28160K, 0% used [0x00000000edc80000,0x00000000edc80000,0x00000000ef800000)
  to   space 29696K, 0% used [0x00000000ebf80000,0x00000000ebf80000,0x00000000edc80000)
 ParOldGen       total 120320K, used 63345K [0x00000000a0000000, 0x00000000a7580000, 0x00000000e0000000)
  object space 120320K, 52% used [0x00000000a0000000,0x00000000a3ddc498,0x00000000a7580000)
 Metaspace       used 72990K, capacity 75198K, committed 75608K, reserved 1116160K
  class space    used 9234K, capacity 9716K, committed 9856K, reserved 1048576K

